
════════════════════════════════════════════════════════════
  GROK SESSION START (extension)  2026-03-31 07:57:04
  Log file: /Users/abubakarsiddique/Documents/audiobook/grok_debug.log
════════════════════════════════════════════════════════════
  [GROK:ext] ════ generate_grok_video_via_extension START ════
  [GROK:ext]   image      : ./clown_vol_1/output/ch_58/Chapter_058_A Train of Thought_04_scene.png
  [GROK:ext]   video out  : ./clown_vol_1/output/ch_58/Chapter_058_A Train of Thought_04_scene.mp4
  [GROK:ext]   prompt     : The camera moves in a slow parallax drift, emphasizing the layered, translucent effects surrounding the man. The ghostly...
  [GROK:ext] HTTP server started on localhost:7878
  [GROK:ext] Opening Chrome with Grok profile at grok.com/imagine...
  [GROK:ext] Waiting for extension to connect...
  [GROK:http] "GET /job HTTP/1.1" 200 -
  [GROK:http] "OPTIONS /status HTTP/1.1" 200 -
  [GROK:ext-status] running: started
  [GROK:http] "POST /status HTTP/1.1" 200 -
  [GROK:ext-status] running: step: Switch to Video tab
  [GROK:http] "POST /status HTTP/1.1" 200 -
  [GROK:ext] Waiting for extension to complete video generation...
  [GROK:ext-poll] status=running msg=step: Switch to Video tab
  [GROK:ext-status] running: step: Select 720p
  [GROK:http] "POST /status HTTP/1.1" 200 -
  [GROK:ext-status] running: step: Select 10s
  [GROK:http] "POST /status HTTP/1.1" 200 -
  [GROK:ext-status] running: step: Type prompt
  [GROK:http] "POST /status HTTP/1.1" 200 -
  [GROK:ext-status] running: step: Upload image
  [GROK:http] "POST /status HTTP/1.1" 200 -
  [GROK:ext-poll] status=running msg=step: Upload image
  [GROK:http] "OPTIONS /status HTTP/1.1" 200 -
  [GROK:ext-status] running: step: Submit form
  [GROK:http] "POST /status HTTP/1.1" 200 -
  [GROK:ext-status] running: submitForm debug — buttons: [aria=? txt="Funky Dance"], [aria=? txt="Chibi"], [aria=? txt="3D Animation"], [aria=? txt="Add Girlfriend"], [aria=? txt="Cyber Garage"], [aria=? txt="Comic Book"], [aria=? txt="80s Anime"], [aria=? txt="Product Photography"], [aria=? txt="Gigachad"], [aria=? txt="Soda Pop"], [aria=? txt="Haze Portrait"], [aria=? txt="Future Past"], [aria=? txt="Video Game"], [aria=? txt="Roman Empire"], [aria=? 
  [GROK:http] "POST /status HTTP/1.1" 200 -
  [GROK:ext-poll] status=running msg=submitForm debug — buttons: [aria=? txt="Funky Dance"], [aria=? txt="Chibi"], [aria=? txt="3D Animation"], [aria=? txt="Add Girlfriend"], [aria=? txt="Cyber Garage"], [aria=? txt="Comic Book"], [aria=? txt="80s Anime"], [aria=? txt="Product Photography"], [aria=? txt="Gigachad"], [aria=? txt="Soda Pop"], [aria=? txt="Haze Portrait"], [aria=? txt="Future Past"], [aria=? txt="Video Game"], [aria=? txt="Roman Empire"], [aria=? 
  [GROK:http] "GET /job HTTP/1.1" 200 -
  [GROK:http] "OPTIONS /status HTTP/1.1" 200 -
  [GROK:ext-status] running: step: Wait for video
  [GROK:http] "POST /status HTTP/1.1" 200 -
  [GROK:ext-poll] status=running msg=step: Wait for video
  [GROK:http] "OPTIONS /status HTTP/1.1" 200 -
  [GROK:ext-status] running: step: Download video
  [GROK:http] "POST /status HTTP/1.1" 200 -
  [GROK:ext-poll] status=running msg=step: Download video
  [GROK:ext-status] done: video downloaded
  [GROK:http] "POST /status HTTP/1.1" 200 -
  [GROK:ext-poll] status=done msg=video downloaded
  [GROK:ext] Extension reported done
  [GROK:ext] Scanning /Users/abubakarsiddique/Downloads for new MP4...
  [GROK:ext] ERROR: No MP4 found in Downloads after video done signal
